2013-08-10 22:18:28 Error: [MissingActionException] Action UsersController::admin_logout() could not be found.
Exception Attributes: array (
  'controller' => 'UsersController',
  'action' => 'admin_logout',
)
Request URL: /ddd_master/admin/users/logout
Stack Trace:
#0 C:\wamp\www\ddd_master\lib\Cake\Routing\Dispatcher.php(187): Controller->invokeAction(Object(CakeRequest))
#1 C:\wamp\www\ddd_master\lib\Cake\Routing\Dispatcher.php(162): Dispatcher->_invoke(Object(UsersController), Object(CakeRequest), Object(CakeResponse))
#2 C:\wamp\www\ddd_master\app\webroot\index.php(111): Dispatcher->dispatch(Object(CakeRequest), Object(CakeResponse))
#3 {main}
2013-08-10 22:18:29 Error: [MissingControllerException] Controller class AdminController could not be found.
Exception Attributes: array (
  'class' => 'AdminController',
  'plugin' => NULL,
)
Request URL: /ddd_master/admin/
Stack Trace:
#0 C:\wamp\www\ddd_master\app\webroot\index.php(111): Dispatcher->dispatch(Object(CakeRequest), Object(CakeResponse))
#1 {main}
2013-08-10 22:19:09 Error: [MissingConnectionException] Database connection "Mysql" is missing, or could not be created.
Exception Attributes: array (
  'class' => 'Mysql',
  'message' => 'SQLSTATE[28000] [1045] Access denied for user \'naturfg4_mifty\'@\'localhost\' (using password: YES)',
  'enabled' => true,
)
Request URL: /ddd_master/
Stack Trace:
#0 C:\wamp\www\ddd_master\lib\Cake\Model\Datasource\DboSource.php(262): Mysql->connect()
#1 C:\wamp\www\ddd_master\lib\Cake\Model\ConnectionManager.php(107): DboSource->__construct(Array)
#2 C:\wamp\www\ddd_master\lib\Cake\Model\Model.php(3221): ConnectionManager::getDataSource('default')
#3 C:\wamp\www\ddd_master\lib\Cake\Model\Model.php(1107): Model->setDataSource('default')
#4 C:\wamp\www\ddd_master\lib\Cake\Model\Model.php(3243): Model->setSource('users')
#5 C:\wamp\www\ddd_master\lib\Cake\Model\Model.php(1318): Model->getDataSource()
#6 C:\wamp\www\ddd_master\lib\Cake\View\Helper\FormHelper.php(199): Model->schema()
#7 C:\wamp\www\ddd_master\lib\Cake\View\Helper\FormHelper.php(453): FormHelper->_introspectModel('User', 'fields')
#8 C:\wamp\www\ddd_master\app\View\Users\login.ctp(3): FormHelper->create('User')
#9 C:\wamp\www\ddd_master\lib\Cake\View\View.php(945): include('C:\wamp\www\ddd...')
#10 C:\wamp\www\ddd_master\lib\Cake\View\View.php(907): View->_evaluate('C:\wamp\www\ddd...', Array)
#11 C:\wamp\www\ddd_master\lib\Cake\View\View.php(471): View->_render('C:\wamp\www\ddd...')
#12 C:\wamp\www\ddd_master\lib\Cake\Controller\Controller.php(948): View->render(NULL, NULL)
#13 C:\wamp\www\ddd_master\lib\Cake\Routing\Dispatcher.php(194): Controller->render()
#14 C:\wamp\www\ddd_master\lib\Cake\Routing\Dispatcher.php(162): Dispatcher->_invoke(Object(UsersController), Object(CakeRequest), Object(CakeResponse))
#15 C:\wamp\www\ddd_master\app\webroot\index.php(111): Dispatcher->dispatch(Object(CakeRequest), Object(CakeResponse))
#16 {main}
2013-08-11 01:20:16 Error: Fatal Error (1): Cannot unset string offsets in [C:\wamp\www\ddd_master\lib\Cake\View\Helper\HtmlHelper.php, line 355]
2013-08-11 01:20:16 Error: [FatalErrorException] Cannot unset string offsets
Request URL: /ddd_master/dashboard
Stack Trace:
#0 C:\wamp\www\ddd_master\lib\Cake\Error\ErrorHandler.php(184): ErrorHandler::handleFatalError(1, 'Cannot unset st...', 'C:\wamp\www\ddd...', 355)
#1 [internal function]: ErrorHandler::handleError(1, 'Cannot unset st...', 'C:\wamp\www\ddd...', 355, Array)
#2 C:\wamp\www\ddd_master\lib\Cake\Core\App.php(931): call_user_func('ErrorHandler::h...', 1, 'Cannot unset st...', 'C:\wamp\www\ddd...', 355, Array)
#3 C:\wamp\www\ddd_master\lib\Cake\Core\App.php(904): App::_checkFatalError()
#4 [internal function]: App::shutdown()
#5 {main}
2013-08-11 01:30:42 Error: Fatal Error (4): syntax error, unexpected '{' in [C:\wamp\www\ddd_master\app\Controller\UsersController.php, line 92]
2013-08-11 01:30:42 Error: [FatalErrorException] syntax error, unexpected '{'
Request URL: /ddd_master/users/delete/2
Stack Trace:
#0 C:\wamp\www\ddd_master\lib\Cake\Error\ErrorHandler.php(184): ErrorHandler::handleFatalError(4, 'syntax error, u...', 'C:\wamp\www\ddd...', 92)
#1 [internal function]: ErrorHandler::handleError(4, 'syntax error, u...', 'C:\wamp\www\ddd...', 92, Array)
#2 C:\wamp\www\ddd_master\lib\Cake\Core\App.php(931): call_user_func('ErrorHandler::h...', 4, 'syntax error, u...', 'C:\wamp\www\ddd...', 92, Array)
#3 C:\wamp\www\ddd_master\lib\Cake\Core\App.php(904): App::_checkFatalError()
#4 [internal function]: App::shutdown()
#5 {main}
2013-08-11 01:41:42 Error: Fatal Error (4): syntax error, unexpected '}' in [C:\wamp\www\ddd_master\app\View\Users\index.ctp, line 36]
2013-08-11 01:41:42 Error: [FatalErrorException] syntax error, unexpected '}'
Request URL: /ddd_master/dashboard
Stack Trace:
#0 C:\wamp\www\ddd_master\lib\Cake\Error\ErrorHandler.php(184): ErrorHandler::handleFatalError(4, 'syntax error, u...', 'C:\wamp\www\ddd...', 36)
#1 [internal function]: ErrorHandler::handleError(4, 'syntax error, u...', 'C:\wamp\www\ddd...', 36, Array)
#2 C:\wamp\www\ddd_master\lib\Cake\Core\App.php(931): call_user_func('ErrorHandler::h...', 4, 'syntax error, u...', 'C:\wamp\www\ddd...', 36, Array)
#3 C:\wamp\www\ddd_master\lib\Cake\Core\App.php(904): App::_checkFatalError()
#4 [internal function]: App::shutdown()
#5 {main}
2014-06-04 11:15:23 Error: [MissingControllerException] Controller class AddController could not be found.
Exception Attributes: array (
  'class' => 'AddController',
  'plugin' => NULL,
)
Request URL: /cakephp/add
Stack Trace:
#0 C:\xampp\htdocs\cakephp\app\webroot\index.php(111): Dispatcher->dispatch(Object(CakeRequest), Object(CakeResponse))
#1 {main}
2014-06-04 11:18:56 Error: [MissingControllerException] Controller class AddController could not be found.
Exception Attributes: array (
  'class' => 'AddController',
  'plugin' => NULL,
)
Request URL: /cakephp/add
Stack Trace:
#0 C:\xampp\htdocs\cakephp\app\webroot\index.php(111): Dispatcher->dispatch(Object(CakeRequest), Object(CakeResponse))
#1 {main}
2014-06-04 11:32:26 Error: [MissingControllerException] Controller class IndexController could not be found.
Exception Attributes: array (
  'class' => 'IndexController',
  'plugin' => NULL,
)
Request URL: /cakephp/index
Stack Trace:
#0 C:\xampp\htdocs\cakephp\app\webroot\index.php(111): Dispatcher->dispatch(Object(CakeRequest), Object(CakeResponse))
#1 {main}
2014-06-04 11:33:29 Error: [MissingActionException] Action PagesController::home() could not be found.
Exception Attributes: array (
  'controller' => 'PagesController',
  'action' => 'home',
)
Request URL: /cakephp/pages/home
Stack Trace:
#0 C:\xampp\htdocs\cakephp\lib\Cake\Routing\Dispatcher.php(191): Controller->invokeAction(Object(CakeRequest))
#1 C:\xampp\htdocs\cakephp\lib\Cake\Routing\Dispatcher.php(165): Dispatcher->_invoke(Object(PagesController), Object(CakeRequest))
#2 C:\xampp\htdocs\cakephp\app\webroot\index.php(111): Dispatcher->dispatch(Object(CakeRequest), Object(CakeResponse))
#3 {main}
2014-06-04 11:52:31 Error: [MissingActionException] Action UsersController::/users/main() could not be found.
Exception Attributes: array (
  'controller' => 'UsersController',
  'action' => '/users/main',
)
Request URL: /cakephp/
Stack Trace:
#0 C:\xampp\htdocs\cakephp\lib\Cake\Routing\Dispatcher.php(191): Controller->invokeAction(Object(CakeRequest))
#1 C:\xampp\htdocs\cakephp\lib\Cake\Routing\Dispatcher.php(165): Dispatcher->_invoke(Object(UsersController), Object(CakeRequest))
#2 C:\xampp\htdocs\cakephp\app\webroot\index.php(111): Dispatcher->dispatch(Object(CakeRequest), Object(CakeResponse))
#3 {main}
2014-06-04 12:04:02 Error: [MissingControllerException] Controller class IndexController could not be found.
Exception Attributes: array (
  'class' => 'IndexController',
  'plugin' => NULL,
)
Request URL: /cakephp/index
Stack Trace:
#0 C:\xampp\htdocs\cakephp\app\webroot\index.php(111): Dispatcher->dispatch(Object(CakeRequest), Object(CakeResponse))
#1 {main}
2014-06-04 12:31:48 Error: [MissingControllerException] Controller class UseController could not be found.
Exception Attributes: array (
  'class' => 'UseController',
  'plugin' => NULL,
)
Request URL: /cakephp/
Stack Trace:
#0 C:\xampp\htdocs\cakephp\app\webroot\index.php(111): Dispatcher->dispatch(Object(CakeRequest), Object(CakeResponse))
#1 {main}
2014-06-04 12:34:07 Error: [MissingControllerException] Controller class UseController could not be found.
Exception Attributes: array (
  'class' => 'UseController',
  'plugin' => NULL,
)
Request URL: /cakephp/
Stack Trace:
#0 C:\xampp\htdocs\cakephp\app\webroot\index.php(111): Dispatcher->dispatch(Object(CakeRequest), Object(CakeResponse))
#1 {main}
2014-06-04 12:42:50 Error: Fatal Error (4): syntax error, unexpected '*' in [C:\xampp\htdocs\cakephp\app\Config\routes.php, line 30]
2014-06-04 12:42:50 Error: [FatalErrorException] syntax error, unexpected '*'
Request URL: /cakephp/
Stack Trace:
#0 C:\xampp\htdocs\cakephp\lib\Cake\Error\ErrorHandler.php(203): ErrorHandler::handleFatalError(4, 'syntax error, u...', 'C:\\xampp\\htdocs...', 30)
#1 [internal function]: ErrorHandler::handleError(4, 'syntax error, u...', 'C:\\xampp\\htdocs...', 30, Array)
#2 C:\xampp\htdocs\cakephp\lib\Cake\Core\App.php(929): call_user_func('ErrorHandler::h...', 4, 'syntax error, u...', 'C:\\xampp\\htdocs...', 30, Array)
#3 C:\xampp\htdocs\cakephp\lib\Cake\Core\App.php(902): App::_checkFatalError()
#4 [internal function]: App::shutdown()
#5 {main}
2014-06-04 12:43:45 Error: [MissingControllerException] Controller class Controller could not be found.
Exception Attributes: array (
  'class' => 'Controller',
  'plugin' => NULL,
)
Request URL: /cakephp/
Stack Trace:
#0 C:\xampp\htdocs\cakephp\app\webroot\index.php(111): Dispatcher->dispatch(Object(CakeRequest), Object(CakeResponse))
#1 {main}
2014-06-04 12:52:24 Error: [MissingControllerException] Controller class Controller could not be found.
Exception Attributes: array (
  'class' => 'Controller',
  'plugin' => NULL,
)
Request URL: /cakephp/
Stack Trace:
#0 C:\xampp\htdocs\cakephp\app\webroot\index.php(111): Dispatcher->dispatch(Object(CakeRequest), Object(CakeResponse))
#1 {main}
2014-06-04 12:53:41 Error: [MissingControllerException] Controller class Controller could not be found.
Exception Attributes: array (
  'class' => 'Controller',
  'plugin' => NULL,
)
Request URL: /cakephp/
Stack Trace:
#0 C:\xampp\htdocs\cakephp\app\webroot\index.php(111): Dispatcher->dispatch(Object(CakeRequest), Object(CakeResponse))
#1 {main}
2014-06-04 12:53:41 Error: Fatal Error (1): Class 'AppController' not found in [C:\xampp\htdocs\cakephp\app\Controller\Controller.php, line 2]
2014-06-04 12:53:41 Error: [FatalErrorException] Class 'AppController' not found
Request URL: /cakephp/
Stack Trace:
#0 C:\xampp\htdocs\cakephp\lib\Cake\Error\ErrorHandler.php(203): ErrorHandler::handleFatalError(1, 'Class 'AppContr...', 'C:\\xampp\\htdocs...', 2)
#1 [internal function]: ErrorHandler::handleError(1, 'Class 'AppContr...', 'C:\\xampp\\htdocs...', 2, Array)
#2 C:\xampp\htdocs\cakephp\lib\Cake\Core\App.php(929): call_user_func('ErrorHandler::h...', 1, 'Class 'AppContr...', 'C:\\xampp\\htdocs...', 2, Array)
#3 C:\xampp\htdocs\cakephp\lib\Cake\Core\App.php(902): App::_checkFatalError()
#4 [internal function]: App::shutdown()
#5 {main}
2014-06-04 12:54:38 Error: [MissingControllerException] Controller class Controller could not be found.
Exception Attributes: array (
  'class' => 'Controller',
  'plugin' => NULL,
)
Request URL: /cakephp/
Stack Trace:
#0 C:\xampp\htdocs\cakephp\app\webroot\index.php(111): Dispatcher->dispatch(Object(CakeRequest), Object(CakeResponse))
#1 {main}
2014-06-04 12:55:40 Error: [MissingControllerException] Controller class Controller could not be found.
Exception Attributes: array (
  'class' => 'Controller',
  'plugin' => NULL,
)
Request URL: /cakephp/
Stack Trace:
#0 C:\xampp\htdocs\cakephp\app\webroot\index.php(111): Dispatcher->dispatch(Object(CakeRequest), Object(CakeResponse))
#1 {main}
2014-06-04 12:56:08 Error: [MissingControllerException] Controller class Controller could not be found.
Exception Attributes: array (
  'class' => 'Controller',
  'plugin' => NULL,
)
Request URL: /cakephp/
Stack Trace:
#0 C:\xampp\htdocs\cakephp\app\webroot\index.php(111): Dispatcher->dispatch(Object(CakeRequest), Object(CakeResponse))
#1 {main}
2014-06-04 12:56:10 Error: [MissingControllerException] Controller class Controller could not be found.
Exception Attributes: array (
  'class' => 'Controller',
  'plugin' => NULL,
)
Request URL: /cakephp/
Stack Trace:
#0 C:\xampp\htdocs\cakephp\app\webroot\index.php(111): Dispatcher->dispatch(Object(CakeRequest), Object(CakeResponse))
#1 {main}
2014-06-04 12:56:27 Error: [MissingControllerException] Controller class Controller could not be found.
Exception Attributes: array (
  'class' => 'Controller',
  'plugin' => NULL,
)
Request URL: /cakephp/
Stack Trace:
#0 C:\xampp\htdocs\cakephp\app\webroot\index.php(111): Dispatcher->dispatch(Object(CakeRequest), Object(CakeResponse))
#1 {main}
2014-06-04 12:56:28 Error: [MissingControllerException] Controller class Controller could not be found.
Exception Attributes: array (
  'class' => 'Controller',
  'plugin' => NULL,
)
Request URL: /cakephp/
Stack Trace:
#0 C:\xampp\htdocs\cakephp\app\webroot\index.php(111): Dispatcher->dispatch(Object(CakeRequest), Object(CakeResponse))
#1 {main}
2014-06-04 12:56:28 Error: [MissingControllerException] Controller class Controller could not be found.
Exception Attributes: array (
  'class' => 'Controller',
  'plugin' => NULL,
)
Request URL: /cakephp/
Stack Trace:
#0 C:\xampp\htdocs\cakephp\app\webroot\index.php(111): Dispatcher->dispatch(Object(CakeRequest), Object(CakeResponse))
#1 {main}
2014-06-04 12:56:29 Error: [MissingControllerException] Controller class Controller could not be found.
Exception Attributes: array (
  'class' => 'Controller',
  'plugin' => NULL,
)
Request URL: /cakephp/
Stack Trace:
#0 C:\xampp\htdocs\cakephp\app\webroot\index.php(111): Dispatcher->dispatch(Object(CakeRequest), Object(CakeResponse))
#1 {main}
2014-06-04 12:56:51 Error: [MissingControllerException] Controller class Controller could not be found.
Exception Attributes: array (
  'class' => 'Controller',
  'plugin' => NULL,
)
Request URL: /cakephp/
Stack Trace:
#0 C:\xampp\htdocs\cakephp\app\webroot\index.php(111): Dispatcher->dispatch(Object(CakeRequest), Object(CakeResponse))
#1 {main}
2014-06-04 12:56:54 Error: [MissingControllerException] Controller class Controller could not be found.
Exception Attributes: array (
  'class' => 'Controller',
  'plugin' => NULL,
)
Request URL: /cakephp/
Stack Trace:
#0 C:\xampp\htdocs\cakephp\app\webroot\index.php(111): Dispatcher->dispatch(Object(CakeRequest), Object(CakeResponse))
#1 {main}
2014-06-04 12:57:12 Error: [MissingControllerException] Controller class Controller could not be found.
Exception Attributes: array (
  'class' => 'Controller',
  'plugin' => NULL,
)
Request URL: /cakephp/
Stack Trace:
#0 C:\xampp\htdocs\cakephp\app\webroot\index.php(111): Dispatcher->dispatch(Object(CakeRequest), Object(CakeResponse))
#1 {main}
2014-06-04 12:57:14 Error: [MissingControllerException] Controller class Controller could not be found.
Exception Attributes: array (
  'class' => 'Controller',
  'plugin' => NULL,
)
Request URL: /cakephp/
Stack Trace:
#0 C:\xampp\htdocs\cakephp\app\webroot\index.php(111): Dispatcher->dispatch(Object(CakeRequest), Object(CakeResponse))
#1 {main}
2014-06-04 12:57:54 Error: [MissingControllerException] Controller class Controller could not be found.
Exception Attributes: array (
  'class' => 'Controller',
  'plugin' => NULL,
)
Request URL: /cakephp/
Stack Trace:
#0 C:\xampp\htdocs\cakephp\app\webroot\index.php(111): Dispatcher->dispatch(Object(CakeRequest), Object(CakeResponse))
#1 {main}
2014-06-04 12:57:56 Error: [MissingControllerException] Controller class Controller could not be found.
Exception Attributes: array (
  'class' => 'Controller',
  'plugin' => NULL,
)
Request URL: /cakephp/
Stack Trace:
#0 C:\xampp\htdocs\cakephp\app\webroot\index.php(111): Dispatcher->dispatch(Object(CakeRequest), Object(CakeResponse))
#1 {main}
2014-06-04 12:58:05 Error: [MissingControllerException] Controller class Controller could not be found.
Exception Attributes: array (
  'class' => 'Controller',
  'plugin' => NULL,
)
Request URL: /cakephp/
Stack Trace:
#0 C:\xampp\htdocs\cakephp\app\webroot\index.php(111): Dispatcher->dispatch(Object(CakeRequest), Object(CakeResponse))
#1 {main}
2014-06-04 12:59:45 Error: Fatal Error (4): syntax error, unexpected ';' in [C:\xampp\htdocs\cakephp\app\Controller\UsersController.php, line 13]
2014-06-04 12:59:45 Error: [FatalErrorException] syntax error, unexpected ';'
Request URL: /cakephp/dashboard
Stack Trace:
#0 C:\xampp\htdocs\cakephp\lib\Cake\Error\ErrorHandler.php(203): ErrorHandler::handleFatalError(4, 'syntax error, u...', 'C:\\xampp\\htdocs...', 13)
#1 [internal function]: ErrorHandler::handleError(4, 'syntax error, u...', 'C:\\xampp\\htdocs...', 13, Array)
#2 C:\xampp\htdocs\cakephp\lib\Cake\Core\App.php(929): call_user_func('ErrorHandler::h...', 4, 'syntax error, u...', 'C:\\xampp\\htdocs...', 13, Array)
#3 C:\xampp\htdocs\cakephp\lib\Cake\Core\App.php(902): App::_checkFatalError()
#4 [internal function]: App::shutdown()
#5 {main}
2014-06-04 14:15:07 Error: [MissingActionException] Action UsersController::dashboard() could not be found.
Exception Attributes: array (
  'controller' => 'UsersController',
  'action' => 'dashboard',
)
Request URL: /cakephp/users/dashboard
Stack Trace:
#0 C:\xampp\htdocs\cakephp\lib\Cake\Routing\Dispatcher.php(191): Controller->invokeAction(Object(CakeRequest))
#1 C:\xampp\htdocs\cakephp\lib\Cake\Routing\Dispatcher.php(165): Dispatcher->_invoke(Object(UsersController), Object(CakeRequest))
#2 C:\xampp\htdocs\cakephp\app\webroot\index.php(111): Dispatcher->dispatch(Object(CakeRequest), Object(CakeResponse))
#3 {main}
2014-06-04 14:15:39 Error: [MissingActionException] Action UsersController::dashboard() could not be found.
Exception Attributes: array (
  'controller' => 'UsersController',
  'action' => 'dashboard',
)
Request URL: /cakephp/users/dashboard
Stack Trace:
#0 C:\xampp\htdocs\cakephp\lib\Cake\Routing\Dispatcher.php(191): Controller->invokeAction(Object(CakeRequest))
#1 C:\xampp\htdocs\cakephp\lib\Cake\Routing\Dispatcher.php(165): Dispatcher->_invoke(Object(UsersController), Object(CakeRequest))
#2 C:\xampp\htdocs\cakephp\app\webroot\index.php(111): Dispatcher->dispatch(Object(CakeRequest), Object(CakeResponse))
#3 {main}
2014-06-04 14:15:50 Error: [MissingControllerException] Controller class CssController could not be found.
Exception Attributes: array (
  'class' => 'CssController',
  'plugin' => NULL,
)
Request URL: /cakephp/css/forms.css
Stack Trace:
#0 C:\xampp\htdocs\cakephp\app\webroot\index.php(111): Dispatcher->dispatch(Object(CakeRequest), Object(CakeResponse))
#1 {main}
2014-06-04 14:20:11 Error: [MissingControllerException] Controller class CssController could not be found.
Exception Attributes: array (
  'class' => 'CssController',
  'plugin' => NULL,
)
Request URL: /cakephp/css/forms.css
Stack Trace:
#0 C:\xampp\htdocs\cakephp\app\webroot\index.php(111): Dispatcher->dispatch(Object(CakeRequest), Object(CakeResponse))
#1 {main}
2014-06-04 14:21:48 Error: [MissingControllerException] Controller class CssController could not be found.
Exception Attributes: array (
  'class' => 'CssController',
  'plugin' => NULL,
)
Request URL: /cakephp/css/forms.css
Stack Trace:
#0 C:\xampp\htdocs\cakephp\app\webroot\index.php(111): Dispatcher->dispatch(Object(CakeRequest), Object(CakeResponse))
#1 {main}
2014-06-04 14:26:59 Error: [MissingControllerException] Controller class CssController could not be found.
Exception Attributes: array (
  'class' => 'CssController',
  'plugin' => NULL,
)
Request URL: /cakephp/css/forms.css
Stack Trace:
#0 C:\xampp\htdocs\cakephp\app\webroot\index.php(111): Dispatcher->dispatch(Object(CakeRequest), Object(CakeResponse))
#1 {main}
2014-06-04 14:27:20 Error: [MissingControllerException] Controller class CssController could not be found.
Exception Attributes: array (
  'class' => 'CssController',
  'plugin' => NULL,
)
Request URL: /cakephp/css/forms.css
Stack Trace:
#0 C:\xampp\htdocs\cakephp\app\webroot\index.php(111): Dispatcher->dispatch(Object(CakeRequest), Object(CakeResponse))
#1 {main}
2014-06-04 14:27:26 Error: [MissingControllerException] Controller class CssController could not be found.
Exception Attributes: array (
  'class' => 'CssController',
  'plugin' => NULL,
)
Request URL: /cakephp/css/forms.css
Stack Trace:
#0 C:\xampp\htdocs\cakephp\app\webroot\index.php(111): Dispatcher->dispatch(Object(CakeRequest), Object(CakeResponse))
#1 {main}
2014-06-04 14:27:31 Error: [MissingControllerException] Controller class CssController could not be found.
Exception Attributes: array (
  'class' => 'CssController',
  'plugin' => NULL,
)
Request URL: /cakephp/css/forms.css
Stack Trace:
#0 C:\xampp\htdocs\cakephp\app\webroot\index.php(111): Dispatcher->dispatch(Object(CakeRequest), Object(CakeResponse))
#1 {main}
2014-06-04 14:28:42 Error: [MissingControllerException] Controller class CssController could not be found.
Exception Attributes: array (
  'class' => 'CssController',
  'plugin' => NULL,
)
Request URL: /cakephp/css/forms.css
Stack Trace:
#0 C:\xampp\htdocs\cakephp\app\webroot\index.php(111): Dispatcher->dispatch(Object(CakeRequest), Object(CakeResponse))
#1 {main}
2014-06-04 14:42:22 Error: [MissingControllerException] Controller class CssController could not be found.
Exception Attributes: array (
  'class' => 'CssController',
  'plugin' => NULL,
)
Request URL: /cakephp/css/forms.css
Stack Trace:
#0 C:\xampp\htdocs\cakephp\app\webroot\index.php(111): Dispatcher->dispatch(Object(CakeRequest), Object(CakeResponse))
#1 {main}
2014-06-04 14:42:30 Error: [MissingControllerException] Controller class CssController could not be found.
Exception Attributes: array (
  'class' => 'CssController',
  'plugin' => NULL,
)
Request URL: /cakephp/css/forms.css
Stack Trace:
#0 C:\xampp\htdocs\cakephp\app\webroot\index.php(111): Dispatcher->dispatch(Object(CakeRequest), Object(CakeResponse))
#1 {main}
2014-06-04 14:45:03 Error: [MissingControllerException] Controller class CssController could not be found.
Exception Attributes: array (
  'class' => 'CssController',
  'plugin' => NULL,
)
Request URL: /cakephp/css/forms.css
Stack Trace:
#0 C:\xampp\htdocs\cakephp\app\webroot\index.php(111): Dispatcher->dispatch(Object(CakeRequest), Object(CakeResponse))
#1 {main}
2014-06-04 14:45:07 Error: [MissingControllerException] Controller class CssController could not be found.
Exception Attributes: array (
  'class' => 'CssController',
  'plugin' => NULL,
)
Request URL: /cakephp/css/forms.css
Stack Trace:
#0 C:\xampp\htdocs\cakephp\app\webroot\index.php(111): Dispatcher->dispatch(Object(CakeRequest), Object(CakeResponse))
#1 {main}
2014-06-04 14:45:26 Error: [MissingControllerException] Controller class CssController could not be found.
Exception Attributes: array (
  'class' => 'CssController',
  'plugin' => NULL,
)
Request URL: /cakephp/css/forms.css
Stack Trace:
#0 C:\xampp\htdocs\cakephp\app\webroot\index.php(111): Dispatcher->dispatch(Object(CakeRequest), Object(CakeResponse))
#1 {main}
2014-06-04 14:48:17 Error: [MissingControllerException] Controller class CssController could not be found.
Exception Attributes: array (
  'class' => 'CssController',
  'plugin' => NULL,
)
Request URL: /cakephp/css/forms.css
Stack Trace:
#0 C:\xampp\htdocs\cakephp\app\webroot\index.php(111): Dispatcher->dispatch(Object(CakeRequest), Object(CakeResponse))
#1 {main}
2014-06-04 14:49:24 Error: [MissingControllerException] Controller class CssController could not be found.
Exception Attributes: array (
  'class' => 'CssController',
  'plugin' => NULL,
)
Request URL: /cakephp/css/forms.css
Stack Trace:
#0 C:\xampp\htdocs\cakephp\app\webroot\index.php(111): Dispatcher->dispatch(Object(CakeRequest), Object(CakeResponse))
#1 {main}
2014-06-04 14:51:25 Error: [MissingControllerException] Controller class CssController could not be found.
Exception Attributes: array (
  'class' => 'CssController',
  'plugin' => NULL,
)
Request URL: /cakephp/css/forms.css
Stack Trace:
#0 C:\xampp\htdocs\cakephp\app\webroot\index.php(111): Dispatcher->dispatch(Object(CakeRequest), Object(CakeResponse))
#1 {main}
2014-06-04 14:51:55 Error: [MissingControllerException] Controller class CssController could not be found.
Exception Attributes: array (
  'class' => 'CssController',
  'plugin' => NULL,
)
Request URL: /cakephp/css/forms.css
Stack Trace:
#0 C:\xampp\htdocs\cakephp\app\webroot\index.php(111): Dispatcher->dispatch(Object(CakeRequest), Object(CakeResponse))
#1 {main}
2014-06-04 14:52:40 Error: [MissingActionException] Action UsersController::visitor_dash() could not be found.
Exception Attributes: array (
  'controller' => 'UsersController',
  'action' => 'visitor_dash',
)
Request URL: /cakephp/users/visitor_dash
Stack Trace:
#0 C:\xampp\htdocs\cakephp\lib\Cake\Routing\Dispatcher.php(191): Controller->invokeAction(Object(CakeRequest))
#1 C:\xampp\htdocs\cakephp\lib\Cake\Routing\Dispatcher.php(165): Dispatcher->_invoke(Object(UsersController), Object(CakeRequest))
#2 C:\xampp\htdocs\cakephp\app\webroot\index.php(111): Dispatcher->dispatch(Object(CakeRequest), Object(CakeResponse))
#3 {main}
2014-06-04 14:56:13 Error: [MissingControllerException] Controller class CssController could not be found.
Exception Attributes: array (
  'class' => 'CssController',
  'plugin' => NULL,
)
Request URL: /cakephp/css/forms.css
Stack Trace:
#0 C:\xampp\htdocs\cakephp\app\webroot\index.php(111): Dispatcher->dispatch(Object(CakeRequest), Object(CakeResponse))
#1 {main}
2014-06-04 14:57:50 Error: [MissingActionException] Action UsersController::staff_dash() could not be found.
Exception Attributes: array (
  'controller' => 'UsersController',
  'action' => 'staff_dash',
)
Request URL: /cakephp/users/staff_dash
Stack Trace:
#0 C:\xampp\htdocs\cakephp\lib\Cake\Routing\Dispatcher.php(191): Controller->invokeAction(Object(CakeRequest))
#1 C:\xampp\htdocs\cakephp\lib\Cake\Routing\Dispatcher.php(165): Dispatcher->_invoke(Object(UsersController), Object(CakeRequest))
#2 C:\xampp\htdocs\cakephp\app\webroot\index.php(111): Dispatcher->dispatch(Object(CakeRequest), Object(CakeResponse))
#3 {main}
2014-06-04 14:57:54 Error: [MissingActionException] Action UsersController::visitor_dash() could not be found.
Exception Attributes: array (
  'controller' => 'UsersController',
  'action' => 'visitor_dash',
)
Request URL: /cakephp/users/visitor_dash
Stack Trace:
#0 C:\xampp\htdocs\cakephp\lib\Cake\Routing\Dispatcher.php(191): Controller->invokeAction(Object(CakeRequest))
#1 C:\xampp\htdocs\cakephp\lib\Cake\Routing\Dispatcher.php(165): Dispatcher->_invoke(Object(UsersController), Object(CakeRequest))
#2 C:\xampp\htdocs\cakephp\app\webroot\index.php(111): Dispatcher->dispatch(Object(CakeRequest), Object(CakeResponse))
#3 {main}
2014-06-04 14:57:57 Error: [MissingActionException] Action UsersController::staff_dash() could not be found.
Exception Attributes: array (
  'controller' => 'UsersController',
  'action' => 'staff_dash',
)
Request URL: /cakephp/users/staff_dash
Stack Trace:
#0 C:\xampp\htdocs\cakephp\lib\Cake\Routing\Dispatcher.php(191): Controller->invokeAction(Object(CakeRequest))
#1 C:\xampp\htdocs\cakephp\lib\Cake\Routing\Dispatcher.php(165): Dispatcher->_invoke(Object(UsersController), Object(CakeRequest))
#2 C:\xampp\htdocs\cakephp\app\webroot\index.php(111): Dispatcher->dispatch(Object(CakeRequest), Object(CakeResponse))
#3 {main}
2014-06-04 14:58:41 Error: [MissingControllerException] Controller class CssController could not be found.
Exception Attributes: array (
  'class' => 'CssController',
  'plugin' => NULL,
)
Request URL: /cakephp/css/forms.css
Stack Trace:
#0 C:\xampp\htdocs\cakephp\app\webroot\index.php(111): Dispatcher->dispatch(Object(CakeRequest), Object(CakeResponse))
#1 {main}
2014-06-04 14:58:50 Error: [MissingControllerException] Controller class CssController could not be found.
Exception Attributes: array (
  'class' => 'CssController',
  'plugin' => NULL,
)
Request URL: /cakephp/css/forms.css
Stack Trace:
#0 C:\xampp\htdocs\cakephp\app\webroot\index.php(111): Dispatcher->dispatch(Object(CakeRequest), Object(CakeResponse))
#1 {main}
2014-06-04 14:59:04 Error: [MissingActionException] Action UsersController::visitor_dash() could not be found.
Exception Attributes: array (
  'controller' => 'UsersController',
  'action' => 'visitor_dash',
)
Request URL: /cakephp/users/visitor_dash
Stack Trace:
#0 C:\xampp\htdocs\cakephp\lib\Cake\Routing\Dispatcher.php(191): Controller->invokeAction(Object(CakeRequest))
#1 C:\xampp\htdocs\cakephp\lib\Cake\Routing\Dispatcher.php(165): Dispatcher->_invoke(Object(UsersController), Object(CakeRequest))
#2 C:\xampp\htdocs\cakephp\app\webroot\index.php(111): Dispatcher->dispatch(Object(CakeRequest), Object(CakeResponse))
#3 {main}
2014-06-04 15:12:21 Error: [MissingControllerException] Controller class CssController could not be found.
Exception Attributes: array (
  'class' => 'CssController',
  'plugin' => NULL,
)
Request URL: /cakephp/css/forms.css
Stack Trace:
#0 C:\xampp\htdocs\cakephp\app\webroot\index.php(111): Dispatcher->dispatch(Object(CakeRequest), Object(CakeResponse))
#1 {main}
2014-06-04 15:12:28 Error: [MissingControllerException] Controller class CssController could not be found.
Exception Attributes: array (
  'class' => 'CssController',
  'plugin' => NULL,
)
Request URL: /cakephp/css/forms.css
Stack Trace:
#0 C:\xampp\htdocs\cakephp\app\webroot\index.php(111): Dispatcher->dispatch(Object(CakeRequest), Object(CakeResponse))
#1 {main}
2014-06-04 15:13:49 Error: [MissingControllerException] Controller class CssController could not be found.
Exception Attributes: array (
  'class' => 'CssController',
  'plugin' => NULL,
)
Request URL: /cakephp/css/forms.css
Stack Trace:
#0 C:\xampp\htdocs\cakephp\app\webroot\index.php(111): Dispatcher->dispatch(Object(CakeRequest), Object(CakeResponse))
#1 {main}
2014-06-04 15:14:13 Error: [MissingActionException] Action UsersController::staff_dash() could not be found.
Exception Attributes: array (
  'controller' => 'UsersController',
  'action' => 'staff_dash',
)
Request URL: /cakephp/users/staff_dash
Stack Trace:
#0 C:\xampp\htdocs\cakephp\lib\Cake\Routing\Dispatcher.php(191): Controller->invokeAction(Object(CakeRequest))
#1 C:\xampp\htdocs\cakephp\lib\Cake\Routing\Dispatcher.php(165): Dispatcher->_invoke(Object(UsersController), Object(CakeRequest))
#2 C:\xampp\htdocs\cakephp\app\webroot\index.php(111): Dispatcher->dispatch(Object(CakeRequest), Object(CakeResponse))
#3 {main}
2014-06-04 15:14:55 Error: [MissingControllerException] Controller class CssController could not be found.
Exception Attributes: array (
  'class' => 'CssController',
  'plugin' => NULL,
)
Request URL: /cakephp/css/forms.css
Stack Trace:
#0 C:\xampp\htdocs\cakephp\app\webroot\index.php(111): Dispatcher->dispatch(Object(CakeRequest), Object(CakeResponse))
#1 {main}
2014-06-04 15:15:02 Error: [MissingControllerException] Controller class CssController could not be found.
Exception Attributes: array (
  'class' => 'CssController',
  'plugin' => NULL,
)
Request URL: /cakephp/css/forms.css
Stack Trace:
#0 C:\xampp\htdocs\cakephp\app\webroot\index.php(111): Dispatcher->dispatch(Object(CakeRequest), Object(CakeResponse))
#1 {main}
2014-06-04 15:16:19 Error: [MissingControllerException] Controller class CssController could not be found.
Exception Attributes: array (
  'class' => 'CssController',
  'plugin' => NULL,
)
Request URL: /cakephp/css/forms.css
Stack Trace:
#0 C:\xampp\htdocs\cakephp\app\webroot\index.php(111): Dispatcher->dispatch(Object(CakeRequest), Object(CakeResponse))
#1 {main}
2014-06-04 15:16:59 Error: [MissingActionException] Action UsersController::staff_dash() could not be found.
Exception Attributes: array (
  'controller' => 'UsersController',
  'action' => 'staff_dash',
)
Request URL: /cakephp/users/staff_dash
Stack Trace:
#0 C:\xampp\htdocs\cakephp\lib\Cake\Routing\Dispatcher.php(191): Controller->invokeAction(Object(CakeRequest))
#1 C:\xampp\htdocs\cakephp\lib\Cake\Routing\Dispatcher.php(165): Dispatcher->_invoke(Object(UsersController), Object(CakeRequest))
#2 C:\xampp\htdocs\cakephp\app\webroot\index.php(111): Dispatcher->dispatch(Object(CakeRequest), Object(CakeResponse))
#3 {main}
2014-06-04 15:17:40 Error: [MissingControllerException] Controller class CssController could not be found.
Exception Attributes: array (
  'class' => 'CssController',
  'plugin' => NULL,
)
Request URL: /cakephp/css/forms.css
Stack Trace:
#0 C:\xampp\htdocs\cakephp\app\webroot\index.php(111): Dispatcher->dispatch(Object(CakeRequest), Object(CakeResponse))
#1 {main}
2014-06-04 15:23:45 Error: [MissingActionException] Action UsersController::users() could not be found.
Exception Attributes: array (
  'controller' => 'UsersController',
  'action' => 'users',
)
Request URL: /cakephp/users/users/input_visitor_data
Stack Trace:
#0 C:\xampp\htdocs\cakephp\lib\Cake\Routing\Dispatcher.php(191): Controller->invokeAction(Object(CakeRequest))
#1 C:\xampp\htdocs\cakephp\lib\Cake\Routing\Dispatcher.php(165): Dispatcher->_invoke(Object(UsersController), Object(CakeRequest))
#2 C:\xampp\htdocs\cakephp\app\webroot\index.php(111): Dispatcher->dispatch(Object(CakeRequest), Object(CakeResponse))
#3 {main}
2014-06-04 15:27:46 Error: [MissingActionException] Action UsersController::page.html() could not be found.
Exception Attributes: array (
  'controller' => 'UsersController',
  'action' => 'page.html',
)
Request URL: /cakephp/users/page.html
Stack Trace:
#0 C:\xampp\htdocs\cakephp\lib\Cake\Routing\Dispatcher.php(191): Controller->invokeAction(Object(CakeRequest))
#1 C:\xampp\htdocs\cakephp\lib\Cake\Routing\Dispatcher.php(165): Dispatcher->_invoke(Object(UsersController), Object(CakeRequest))
#2 C:\xampp\htdocs\cakephp\app\webroot\index.php(111): Dispatcher->dispatch(Object(CakeRequest), Object(CakeResponse))
#3 {main}
2014-06-04 15:27:48 Error: [MissingActionException] Action UsersController::page.html() could not be found.
Exception Attributes: array (
  'controller' => 'UsersController',
  'action' => 'page.html',
)
Request URL: /cakephp/users/page.html
Stack Trace:
#0 C:\xampp\htdocs\cakephp\lib\Cake\Routing\Dispatcher.php(191): Controller->invokeAction(Object(CakeRequest))
#1 C:\xampp\htdocs\cakephp\lib\Cake\Routing\Dispatcher.php(165): Dispatcher->_invoke(Object(UsersController), Object(CakeRequest))
#2 C:\xampp\htdocs\cakephp\app\webroot\index.php(111): Dispatcher->dispatch(Object(CakeRequest), Object(CakeResponse))
#3 {main}
2014-06-04 15:28:04 Error: [MissingActionException] Action UsersController::input_visitor_data.ctp() could not be found.
Exception Attributes: array (
  'controller' => 'UsersController',
  'action' => 'input_visitor_data.ctp',
)
Request URL: /cakephp/users/input_visitor_data.ctp
Stack Trace:
#0 C:\xampp\htdocs\cakephp\lib\Cake\Routing\Dispatcher.php(191): Controller->invokeAction(Object(CakeRequest))
#1 C:\xampp\htdocs\cakephp\lib\Cake\Routing\Dispatcher.php(165): Dispatcher->_invoke(Object(UsersController), Object(CakeRequest))
#2 C:\xampp\htdocs\cakephp\app\webroot\index.php(111): Dispatcher->dispatch(Object(CakeRequest), Object(CakeResponse))
#3 {main}
2014-06-04 15:28:13 Error: [MissingActionException] Action UsersController::input_visitor_data.ctp() could not be found.
Exception Attributes: array (
  'controller' => 'UsersController',
  'action' => 'input_visitor_data.ctp',
)
Request URL: /cakephp/users/input_visitor_data.ctp
Stack Trace:
#0 C:\xampp\htdocs\cakephp\lib\Cake\Routing\Dispatcher.php(191): Controller->invokeAction(Object(CakeRequest))
#1 C:\xampp\htdocs\cakephp\lib\Cake\Routing\Dispatcher.php(165): Dispatcher->_invoke(Object(UsersController), Object(CakeRequest))
#2 C:\xampp\htdocs\cakephp\app\webroot\index.php(111): Dispatcher->dispatch(Object(CakeRequest), Object(CakeResponse))
#3 {main}
2014-06-04 15:28:45 Error: [MissingActionException] Action UsersController::input_visitor_data.ctp() could not be found.
Exception Attributes: array (
  'controller' => 'UsersController',
  'action' => 'input_visitor_data.ctp',
)
Request URL: /cakephp/users/input_visitor_data.ctp
Stack Trace:
#0 C:\xampp\htdocs\cakephp\lib\Cake\Routing\Dispatcher.php(191): Controller->invokeAction(Object(CakeRequest))
#1 C:\xampp\htdocs\cakephp\lib\Cake\Routing\Dispatcher.php(165): Dispatcher->_invoke(Object(UsersController), Object(CakeRequest))
#2 C:\xampp\htdocs\cakephp\app\webroot\index.php(111): Dispatcher->dispatch(Object(CakeRequest), Object(CakeResponse))
#3 {main}
2014-06-04 15:28:48 Error: [MissingActionException] Action UsersController::input_visitor_data.ctp() could not be found.
Exception Attributes: array (
  'controller' => 'UsersController',
  'action' => 'input_visitor_data.ctp',
)
Request URL: /cakephp/users/input_visitor_data.ctp
Stack Trace:
#0 C:\xampp\htdocs\cakephp\lib\Cake\Routing\Dispatcher.php(191): Controller->invokeAction(Object(CakeRequest))
#1 C:\xampp\htdocs\cakephp\lib\Cake\Routing\Dispatcher.php(165): Dispatcher->_invoke(Object(UsersController), Object(CakeRequest))
#2 C:\xampp\htdocs\cakephp\app\webroot\index.php(111): Dispatcher->dispatch(Object(CakeRequest), Object(CakeResponse))
#3 {main}
2014-06-04 15:29:16 Error: [MissingControllerException] Controller class CssController could not be found.
Exception Attributes: array (
  'class' => 'CssController',
  'plugin' => NULL,
)
Request URL: /cakephp/css/forms.css
Stack Trace:
#0 C:\xampp\htdocs\cakephp\app\webroot\index.php(111): Dispatcher->dispatch(Object(CakeRequest), Object(CakeResponse))
#1 {main}
2014-06-04 15:29:28 Error: [MissingControllerException] Controller class CssController could not be found.
Exception Attributes: array (
  'class' => 'CssController',
  'plugin' => NULL,
)
Request URL: /cakephp/css/forms.css
Stack Trace:
#0 C:\xampp\htdocs\cakephp\app\webroot\index.php(111): Dispatcher->dispatch(Object(CakeRequest), Object(CakeResponse))
#1 {main}
2014-06-04 15:29:42 Error: [MissingControllerException] Controller class CssController could not be found.
Exception Attributes: array (
  'class' => 'CssController',
  'plugin' => NULL,
)
Request URL: /cakephp/css/forms.css
Stack Trace:
#0 C:\xampp\htdocs\cakephp\app\webroot\index.php(111): Dispatcher->dispatch(Object(CakeRequest), Object(CakeResponse))
#1 {main}
2014-06-04 15:30:45 Error: [MissingControllerException] Controller class CssController could not be found.
Exception Attributes: array (
  'class' => 'CssController',
  'plugin' => NULL,
)
Request URL: /cakephp/css/forms.css
Stack Trace:
#0 C:\xampp\htdocs\cakephp\app\webroot\index.php(111): Dispatcher->dispatch(Object(CakeRequest), Object(CakeResponse))
#1 {main}
2014-06-04 15:47:01 Error: [MissingControllerException] Controller class CssController could not be found.
Exception Attributes: array (
  'class' => 'CssController',
  'plugin' => NULL,
)
Request URL: /cakephp/css/forms.css
Stack Trace:
#0 C:\xampp\htdocs\cakephp\app\webroot\index.php(111): Dispatcher->dispatch(Object(CakeRequest), Object(CakeResponse))
#1 {main}
2014-06-04 15:52:41 Error: [MissingControllerException] Controller class CssController could not be found.
Exception Attributes: array (
  'class' => 'CssController',
  'plugin' => NULL,
)
Request URL: /cakephp/css/forms.css
Stack Trace:
#0 C:\xampp\htdocs\cakephp\app\webroot\index.php(111): Dispatcher->dispatch(Object(CakeRequest), Object(CakeResponse))
#1 {main}
2014-06-04 15:52:44 Error: [MissingControllerException] Controller class CssController could not be found.
Exception Attributes: array (
  'class' => 'CssController',
  'plugin' => NULL,
)
Request URL: /cakephp/css/forms.css
Stack Trace:
#0 C:\xampp\htdocs\cakephp\app\webroot\index.php(111): Dispatcher->dispatch(Object(CakeRequest), Object(CakeResponse))
#1 {main}
2014-06-04 15:52:47 Error: [MissingControllerException] Controller class CssController could not be found.
Exception Attributes: array (
  'class' => 'CssController',
  'plugin' => NULL,
)
Request URL: /cakephp/css/forms.css
Stack Trace:
#0 C:\xampp\htdocs\cakephp\app\webroot\index.php(111): Dispatcher->dispatch(Object(CakeRequest), Object(CakeResponse))
#1 {main}
2014-06-04 15:52:53 Error: [MissingControllerException] Controller class CssController could not be found.
Exception Attributes: array (
  'class' => 'CssController',
  'plugin' => NULL,
)
Request URL: /cakephp/css/forms.css
Stack Trace:
#0 C:\xampp\htdocs\cakephp\app\webroot\index.php(111): Dispatcher->dispatch(Object(CakeRequest), Object(CakeResponse))
#1 {main}
2014-06-04 15:53:54 Error: [MissingActionException] Action UsersController::staffi_dash() could not be found.
Exception Attributes: array (
  'controller' => 'UsersController',
  'action' => 'staffi_dash',
)
Request URL: /cakephp/users/staffi_dash
Stack Trace:
#0 C:\xampp\htdocs\cakephp\lib\Cake\Routing\Dispatcher.php(191): Controller->invokeAction(Object(CakeRequest))
#1 C:\xampp\htdocs\cakephp\lib\Cake\Routing\Dispatcher.php(165): Dispatcher->_invoke(Object(UsersController), Object(CakeRequest))
#2 C:\xampp\htdocs\cakephp\app\webroot\index.php(111): Dispatcher->dispatch(Object(CakeRequest), Object(CakeResponse))
#3 {main}
2014-06-04 15:57:54 Error: [MissingActionException] Action UsersController::staffi_dash() could not be found.
Exception Attributes: array (
  'controller' => 'UsersController',
  'action' => 'staffi_dash',
)
Request URL: /cakephp/users/staffi_dash
Stack Trace:
#0 C:\xampp\htdocs\cakephp\lib\Cake\Routing\Dispatcher.php(191): Controller->invokeAction(Object(CakeRequest))
#1 C:\xampp\htdocs\cakephp\lib\Cake\Routing\Dispatcher.php(165): Dispatcher->_invoke(Object(UsersController), Object(CakeRequest))
#2 C:\xampp\htdocs\cakephp\app\webroot\index.php(111): Dispatcher->dispatch(Object(CakeRequest), Object(CakeResponse))
#3 {main}
2014-06-04 15:58:08 Error: [MissingActionException] Action UsersController::staffi_dash() could not be found.
Exception Attributes: array (
  'controller' => 'UsersController',
  'action' => 'staffi_dash',
)
Request URL: /cakephp/users/staffi_dash
Stack Trace:
#0 C:\xampp\htdocs\cakephp\lib\Cake\Routing\Dispatcher.php(191): Controller->invokeAction(Object(CakeRequest))
#1 C:\xampp\htdocs\cakephp\lib\Cake\Routing\Dispatcher.php(165): Dispatcher->_invoke(Object(UsersController), Object(CakeRequest))
#2 C:\xampp\htdocs\cakephp\app\webroot\index.php(111): Dispatcher->dispatch(Object(CakeRequest), Object(CakeResponse))
#3 {main}
2014-06-04 16:00:53 Error: [MissingControllerException] Controller class CssController could not be found.
Exception Attributes: array (
  'class' => 'CssController',
  'plugin' => NULL,
)
Request URL: /cakephp/css/forms.css
Stack Trace:
#0 C:\xampp\htdocs\cakephp\app\webroot\index.php(111): Dispatcher->dispatch(Object(CakeRequest), Object(CakeResponse))
#1 {main}
2014-06-04 16:01:00 Error: [MissingActionException] Action UsersController::staffi_dash() could not be found.
Exception Attributes: array (
  'controller' => 'UsersController',
  'action' => 'staffi_dash',
)
Request URL: /cakephp/users/staffi_dash
Stack Trace:
#0 C:\xampp\htdocs\cakephp\lib\Cake\Routing\Dispatcher.php(191): Controller->invokeAction(Object(CakeRequest))
#1 C:\xampp\htdocs\cakephp\lib\Cake\Routing\Dispatcher.php(165): Dispatcher->_invoke(Object(UsersController), Object(CakeRequest))
#2 C:\xampp\htdocs\cakephp\app\webroot\index.php(111): Dispatcher->dispatch(Object(CakeRequest), Object(CakeResponse))
#3 {main}
2014-06-04 16:01:30 Error: [MissingActionException] Action UsersController::staffi_dash() could not be found.
Exception Attributes: array (
  'controller' => 'UsersController',
  'action' => 'staffi_dash',
)
Request URL: /cakephp/users/staffi_dash
Stack Trace:
#0 C:\xampp\htdocs\cakephp\lib\Cake\Routing\Dispatcher.php(191): Controller->invokeAction(Object(CakeRequest))
#1 C:\xampp\htdocs\cakephp\lib\Cake\Routing\Dispatcher.php(165): Dispatcher->_invoke(Object(UsersController), Object(CakeRequest))
#2 C:\xampp\htdocs\cakephp\app\webroot\index.php(111): Dispatcher->dispatch(Object(CakeRequest), Object(CakeResponse))
#3 {main}
2014-06-04 16:01:32 Error: [MissingActionException] Action UsersController::staffi_dash() could not be found.
Exception Attributes: array (
  'controller' => 'UsersController',
  'action' => 'staffi_dash',
)
Request URL: /cakephp/users/staffi_dash
Stack Trace:
#0 C:\xampp\htdocs\cakephp\lib\Cake\Routing\Dispatcher.php(191): Controller->invokeAction(Object(CakeRequest))
#1 C:\xampp\htdocs\cakephp\lib\Cake\Routing\Dispatcher.php(165): Dispatcher->_invoke(Object(UsersController), Object(CakeRequest))
#2 C:\xampp\htdocs\cakephp\app\webroot\index.php(111): Dispatcher->dispatch(Object(CakeRequest), Object(CakeResponse))
#3 {main}
2014-06-04 16:01:33 Error: [MissingActionException] Action UsersController::staffi_dash() could not be found.
Exception Attributes: array (
  'controller' => 'UsersController',
  'action' => 'staffi_dash',
)
Request URL: /cakephp/users/staffi_dash
Stack Trace:
#0 C:\xampp\htdocs\cakephp\lib\Cake\Routing\Dispatcher.php(191): Controller->invokeAction(Object(CakeRequest))
#1 C:\xampp\htdocs\cakephp\lib\Cake\Routing\Dispatcher.php(165): Dispatcher->_invoke(Object(UsersController), Object(CakeRequest))
#2 C:\xampp\htdocs\cakephp\app\webroot\index.php(111): Dispatcher->dispatch(Object(CakeRequest), Object(CakeResponse))
#3 {main}
2014-06-04 16:01:37 Error: [MissingControllerException] Controller class CssController could not be found.
Exception Attributes: array (
  'class' => 'CssController',
  'plugin' => NULL,
)
Request URL: /cakephp/css/forms.css
Stack Trace:
#0 C:\xampp\htdocs\cakephp\app\webroot\index.php(111): Dispatcher->dispatch(Object(CakeRequest), Object(CakeResponse))
#1 {main}
2014-06-04 16:01:38 Error: [MissingActionException] Action UsersController::staff_dash() could not be found.
Exception Attributes: array (
  'controller' => 'UsersController',
  'action' => 'staff_dash',
)
Request URL: /cakephp/users/staff_dash
Stack Trace:
#0 C:\xampp\htdocs\cakephp\lib\Cake\Routing\Dispatcher.php(191): Controller->invokeAction(Object(CakeRequest))
#1 C:\xampp\htdocs\cakephp\lib\Cake\Routing\Dispatcher.php(165): Dispatcher->_invoke(Object(UsersController), Object(CakeRequest))
#2 C:\xampp\htdocs\cakephp\app\webroot\index.php(111): Dispatcher->dispatch(Object(CakeRequest), Object(CakeResponse))
#3 {main}
2014-06-04 16:02:50 Error: [MissingActionException] Action UsersController::staff_dash() could not be found.
Exception Attributes: array (
  'controller' => 'UsersController',
  'action' => 'staff_dash',
)
Request URL: /cakephp/users/staff_dash
Stack Trace:
#0 C:\xampp\htdocs\cakephp\lib\Cake\Routing\Dispatcher.php(191): Controller->invokeAction(Object(CakeRequest))
#1 C:\xampp\htdocs\cakephp\lib\Cake\Routing\Dispatcher.php(165): Dispatcher->_invoke(Object(UsersController), Object(CakeRequest))
#2 C:\xampp\htdocs\cakephp\app\webroot\index.php(111): Dispatcher->dispatch(Object(CakeRequest), Object(CakeResponse))
#3 {main}
2014-06-04 16:03:16 Error: [MissingControllerException] Controller class CssController could not be found.
Exception Attributes: array (
  'class' => 'CssController',
  'plugin' => NULL,
)
Request URL: /cakephp/css/forms.css
Stack Trace:
#0 C:\xampp\htdocs\cakephp\app\webroot\index.php(111): Dispatcher->dispatch(Object(CakeRequest), Object(CakeResponse))
#1 {main}
2014-06-04 16:03:34 Error: [MissingControllerException] Controller class CssController could not be found.
Exception Attributes: array (
  'class' => 'CssController',
  'plugin' => NULL,
)
Request URL: /cakephp/css/forms.css
Stack Trace:
#0 C:\xampp\htdocs\cakephp\app\webroot\index.php(111): Dispatcher->dispatch(Object(CakeRequest), Object(CakeResponse))
#1 {main}
2014-06-04 16:03:48 Error: [MissingActionException] Action UsersController::staff_dash() could not be found.
Exception Attributes: array (
  'controller' => 'UsersController',
  'action' => 'staff_dash',
)
Request URL: /cakephp/users/staff_dash
Stack Trace:
#0 C:\xampp\htdocs\cakephp\lib\Cake\Routing\Dispatcher.php(191): Controller->invokeAction(Object(CakeRequest))
#1 C:\xampp\htdocs\cakephp\lib\Cake\Routing\Dispatcher.php(165): Dispatcher->_invoke(Object(UsersController), Object(CakeRequest))
#2 C:\xampp\htdocs\cakephp\app\webroot\index.php(111): Dispatcher->dispatch(Object(CakeRequest), Object(CakeResponse))
#3 {main}
2014-06-04 16:04:14 Error: [MissingControllerException] Controller class CssController could not be found.
Exception Attributes: array (
  'class' => 'CssController',
  'plugin' => NULL,
)
Request URL: /cakephp/css/forms.css
Stack Trace:
#0 C:\xampp\htdocs\cakephp\app\webroot\index.php(111): Dispatcher->dispatch(Object(CakeRequest), Object(CakeResponse))
#1 {main}
2014-06-04 16:04:18 Error: [MissingActionException] Action UsersController::staff_dash() could not be found.
Exception Attributes: array (
  'controller' => 'UsersController',
  'action' => 'staff_dash',
)
Request URL: /cakephp/users/staff_dash
Stack Trace:
#0 C:\xampp\htdocs\cakephp\lib\Cake\Routing\Dispatcher.php(191): Controller->invokeAction(Object(CakeRequest))
#1 C:\xampp\htdocs\cakephp\lib\Cake\Routing\Dispatcher.php(165): Dispatcher->_invoke(Object(UsersController), Object(CakeRequest))
#2 C:\xampp\htdocs\cakephp\app\webroot\index.php(111): Dispatcher->dispatch(Object(CakeRequest), Object(CakeResponse))
#3 {main}
2014-06-04 16:04:45 Error: [MissingControllerException] Controller class CssController could not be found.
Exception Attributes: array (
  'class' => 'CssController',
  'plugin' => NULL,
)
Request URL: /cakephp/css/forms.css
Stack Trace:
#0 C:\xampp\htdocs\cakephp\app\webroot\index.php(111): Dispatcher->dispatch(Object(CakeRequest), Object(CakeResponse))
#1 {main}
2014-06-04 16:07:24 Error: [MissingControllerException] Controller class CssController could not be found.
Exception Attributes: array (
  'class' => 'CssController',
  'plugin' => NULL,
)
Request URL: /cakephp/css/forms.css
Stack Trace:
#0 C:\xampp\htdocs\cakephp\app\webroot\index.php(111): Dispatcher->dispatch(Object(CakeRequest), Object(CakeResponse))
#1 {main}
2014-06-04 16:07:33 Error: [MissingActionException] Action UsersController::staff_dash() could not be found.
Exception Attributes: array (
  'controller' => 'UsersController',
  'action' => 'staff_dash',
)
Request URL: /cakephp/users/staff_dash
Stack Trace:
#0 C:\xampp\htdocs\cakephp\lib\Cake\Routing\Dispatcher.php(191): Controller->invokeAction(Object(CakeRequest))
#1 C:\xampp\htdocs\cakephp\lib\Cake\Routing\Dispatcher.php(165): Dispatcher->_invoke(Object(UsersController), Object(CakeRequest))
#2 C:\xampp\htdocs\cakephp\app\webroot\index.php(111): Dispatcher->dispatch(Object(CakeRequest), Object(CakeResponse))
#3 {main}
2014-06-04 16:09:38 Error: [MissingControllerException] Controller class CssController could not be found.
Exception Attributes: array (
  'class' => 'CssController',
  'plugin' => NULL,
)
Request URL: /cakephp/css/forms.css
Stack Trace:
#0 C:\xampp\htdocs\cakephp\app\webroot\index.php(111): Dispatcher->dispatch(Object(CakeRequest), Object(CakeResponse))
#1 {main}
2014-06-04 16:12:48 Error: [MissingControllerException] Controller class CssController could not be found.
Exception Attributes: array (
  'class' => 'CssController',
  'plugin' => NULL,
)
Request URL: /cakephp/css/forms.css
Stack Trace:
#0 C:\xampp\htdocs\cakephp\app\webroot\index.php(111): Dispatcher->dispatch(Object(CakeRequest), Object(CakeResponse))
#1 {main}
2014-06-04 16:13:05 Error: [MissingControllerException] Controller class CssController could not be found.
Exception Attributes: array (
  'class' => 'CssController',
  'plugin' => NULL,
)
Request URL: /cakephp/css/forms.css
Stack Trace:
#0 C:\xampp\htdocs\cakephp\app\webroot\index.php(111): Dispatcher->dispatch(Object(CakeRequest), Object(CakeResponse))
#1 {main}
2014-06-04 16:13:08 Error: Fatal Error (1): Call to undefined method AuthComponent::login1() in [C:\xampp\htdocs\cakephp\app\Controller\UsersController.php, line 48]
2014-06-04 16:13:08 Error: [FatalErrorException] Call to undefined method AuthComponent::login1()
Request URL: /cakephp/users/login1
Stack Trace:
#0 C:\xampp\htdocs\cakephp\lib\Cake\Error\ErrorHandler.php(203): ErrorHandler::handleFatalError(1, 'Call to undefin...', 'C:\\xampp\\htdocs...', 48)
#1 [internal function]: ErrorHandler::handleError(1, 'Call to undefin...', 'C:\\xampp\\htdocs...', 48, Array)
#2 C:\xampp\htdocs\cakephp\lib\Cake\Core\App.php(929): call_user_func('ErrorHandler::h...', 1, 'Call to undefin...', 'C:\\xampp\\htdocs...', 48, Array)
#3 C:\xampp\htdocs\cakephp\lib\Cake\Core\App.php(902): App::_checkFatalError()
#4 [internal function]: App::shutdown()
#5 {main}
